WARNING: [2026-06-23T06:27:21] [WARN] [LevelManager] [关卡] JSON 验证警告 (第2章-6关): Invalid domain: 'electromagnetics'
   at: push_warning (core/variant/variant_utility.cpp:1034)
   GDScript backtrace (most recent call first):
       [0] _log_raw (res://scripts/autoload/00_game_logger.gd:127)
       [1] warn (res://scripts/autoload/00_game_logger.gd:76)
       [2] load_level (res://scripts/autoload/05_level_manager.gd:109)
       [3] _play_level (res://scripts/tests/full_playthrough_test.gd:71)
       [4] test_all_levels_complete (res://scripts/tests/full_playthrough_test.gd:34)
       [5] _execute_test_case (res://addons/gdUnit4/src/core/_TestCase.gd:94)
       [6] execute (res://addons/gdUnit4/src/core/_TestCase.gd:39)
       [7] _execute (res://addons/gdUnit4/src/core/execution/stages/single/GdUnitTestCaseSingleTestStage.gd:10)
       [8] execute (res://addons/gdUnit4/src/core/execution/stages/IGdUnitExecutionStage.gd:19)
       [9] _execute (res://addons/gdUnit4/src/core/execution/stages/single/GdUnitTestCaseSingleExecutionStage.gd:17)
       [10] execute (res://addons/gdUnit4/src/core/execution/stages/IGdUnitExecutionStage.gd:19)
       [11] _execute (res://addons/gdUnit4/src/core/execution/stages/GdUnitTestCaseExecutionStage.gd:25)
       [12] execute (res://addons/gdUnit4/src/core/execution/stages/IGdUnitExecutionStage.gd:19)
       [13] _execute (res://addons/gdUnit4/src/core/execution/stages/GdUnitTestSuiteExecutionStage.gd:33)
       [14] execute (res://addons/gdUnit4/src/core/execution/stages/IGdUnitExecutionStage.gd:19)
       [15] run_and_wait (res://addons/gdUnit4/src/core/execution/GdUnitTestSuiteExecutor.gd:47)
       [16] _process (res://addons/gdUnit4/src/core/runners/GdUnitTestSessionRunner.gd:126)
WARNING: [2026-06-23T06:27:21] [WARN] [LevelManager] [关卡] JSON 验证警告 (第2章-7关): Invalid domain: 'thermodynamics'
   at: push_warning (core/variant/variant_utility.cpp:1034)
   GDScript backtrace (most recent call first):
       [0] _log_raw (res://scripts/autoload/00_game_logger.gd:127)
       [1] warn (res://scripts/autoload/00_game_logger.gd:76)
       [2] load_level (res://scripts/autoload/05_level_manager.gd:109)
       [3] _play_level (res://scripts/tests/full_playthrough_test.gd:71)
       [4] test_all_levels_complete (res://scripts/tests/full_playthrough_test.gd:34)
       [5] _execute_test_case (res://addons/gdUnit4/src/core/_TestCase.gd:94)
       [6] execute (res://addons/gdUnit4/src/core/_TestCase.gd:39)
       [7] _execute (res://addons/gdUnit4/src/core/execution/stages/single/GdUnitTestCaseSingleTestStage.gd:10)
       [8] execute (res://addons/gdUnit4/src/core/execution/stages/IGdUnitExecutionStage.gd:19)
       [9] _execute (res://addons/gdUnit4/src/core/execution/stages/single/GdUnitTestCaseSingleExecutionStage.gd:17)
       [10] execute (res://addons/gdUnit4/src/core/execution/stages/IGdUnitExecutionStage.gd:19)
       [11] _execute (res://addons/gdUnit4/src/core/execution/stages/GdUnitTestCaseExecutionStage.gd:25)
       [12] execute (res://addons/gdUnit4/src/core/execution/stages/IGdUnitExecutionStage.gd:19)
       [13] _execute (res://addons/gdUnit4/src/core/execution/stages/GdUnitTestSuiteExecutionStage.gd:33)
       [14] execute (res://addons/gdUnit4/src/core/execution/stages/IGdUnitExecutionStage.gd:19)
       [15] run_and_wait (res://addons/gdUnit4/src/core/execution/GdUnitTestSuiteExecutor.gd:47)
       [16] _process (res://addons/gdUnit4/src/core/runners/GdUnitTestSessionRunner.gd:126)
WARNING: [2026-06-23T06:27:21] [WARN] [LevelManager] [关卡] JSON 验证警告 (第2章-8关): Invalid domain: 'statistical_mechanics'
   at: push_warning (core/variant/variant_utility.cpp:1034)
   GDScript backtrace (most recent call first):
       [0] _log_raw (res://scripts/autoload/00_game_logger.gd:127)
       [1] warn (res://scripts/autoload/00_game_logger.gd:76)
       [2] load_level (res://scripts/autoload/05_level_manager.gd:109)
       [3] _play_level (res://scripts/tests/full_playthrough_test.gd:71)
       [4] test_all_levels_complete (res://scripts/tests/full_playthrough_test.gd:34)
       [5] _execute_test_case (res://addons/gdUnit4/src/core/_TestCase.gd:94)
       [6] execute (res://addons/gdUnit4/src/core/_TestCase.gd:39)
       [7] _execute (res://addons/gdUnit4/src/core/execution/stages/single/GdUnitTestCaseSingleTestStage.gd:10)
       [8] execute (res://addons/gdUnit4/src/core/execution/stages/IGdUnitExecutionStage.gd:19)
       [9] _execute (res://addons/gdUnit4/src/core/execution/stages/single/GdUnitTestCaseSingleExecutionStage.gd:17)
       [10] execute (res://addons/gdUnit4/src/core/execution/stages/IGdUnitExecutionStage.gd:19)
       [11] _execute (res://addons/gdUnit4/src/core/execution/stages/GdUnitTestCaseExecutionStage.gd:25)
       [12] execute (res://addons/gdUnit4/src/core/execution/stages/IGdUnitExecutionStage.gd:19)
       [13] _execute (res://addons/gdUnit4/src/core/execution/stages/GdUnitTestSuiteExecutionStage.gd:33)
       [14] execute (res://addons/gdUnit4/src/core/execution/stages/IGdUnitExecutionStage.gd:19)
       [15] run_and_wait (res://addons/gdUnit4/src/core/execution/GdUnitTestSuiteExecutor.gd:47)
       [16] _process (res://addons/gdUnit4/src/core/runners/GdUnitTestSessionRunner.gd:126)
WARNING: [2026-06-23T06:27:21] [WARN] [LevelManager] [关卡] JSON 验证警告 (第2章-10关): Invalid domain: 'multiphysics'
   at: push_warning (core/variant/variant_utility.cpp:1034)
   GDScript backtrace (most recent call first):
       [0] _log_raw (res://scripts/autoload/00_game_logger.gd:127)
       [1] warn (res://scripts/autoload/00_game_logger.gd:76)
       [2] load_level (res://scripts/autoload/05_level_manager.gd:109)
       [3] _play_level (res://scripts/tests/full_playthrough_test.gd:71)
       [4] test_all_levels_complete (res://scripts/tests/full_playthrough_test.gd:34)
       [5] _execute_test_case (res://addons/gdUnit4/src/core/_TestCase.gd:94)
       [6] execute (res://addons/gdUnit4/src/core/_TestCase.gd:39)
       [7] _execute (res://addons/gdUnit4/src/core/execution/stages/single/GdUnitTestCaseSingleTestStage.gd:10)
       [8] execute (res://addons/gdUnit4/src/core/execution/stages/IGdUnitExecutionStage.gd:19)
       [9] _execute (res://addons/gdUnit4/src/core/execution/stages/single/GdUnitTestCaseSingleExecutionStage.gd:17)
       [10] execute (res://addons/gdUnit4/src/core/execution/stages/IGdUnitExecutionStage.gd:19)
       [11] _execute (res://addons/gdUnit4/src/core/execution/stages/GdUnitTestCaseExecutionStage.gd:25)
       [12] execute (res://addons/gdUnit4/src/core/execution/stages/IGdUnitExecutionStage.gd:19)
       [13] _execute (res://addons/gdUnit4/src/core/execution/stages/GdUnitTestSuiteExecutionStage.gd:33)
       [14] execute (res://addons/gdUnit4/src/core/execution/stages/IGdUnitExecutionStage.gd:19)
       [15] run_and_wait (res://addons/gdUnit4/src/core/execution/GdUnitTestSuiteExecutor.gd:47)
       [16] _process (res://addons/gdUnit4/src/core/runners/GdUnitTestSessionRunner.gd:126)
WARNING: [2026-06-23T06:27:22] [WARN] [LevelManager] [关卡] JSON 验证警告 (第4章-4关): Invalid domain: 'thermodynamics'
   at: push_warning (core/variant/variant_utility.cpp:1034)
   GDScript backtrace (most recent call first):
       [0] _log_raw (res://scripts/autoload/00_game_logger.gd:127)
       [1] warn (res://scripts/autoload/00_game_logger.gd:76)
       [2] load_level (res://scripts/autoload/05_level_manager.gd:109)
       [3] _play_level (res://scripts/tests/full_playthrough_test.gd:71)
       [4] test_all_levels_complete (res://scripts/tests/full_playthrough_test.gd:34)
       [5] _execute_test_case (res://addons/gdUnit4/src/core/_TestCase.gd:94)
       [6] execute (res://addons/gdUnit4/src/core/_TestCase.gd:39)
       [7] _execute (res://addons/gdUnit4/src/core/execution/stages/single/GdUnitTestCaseSingleTestStage.gd:10)
       [8] execute (res://addons/gdUnit4/src/core/execution/stages/IGdUnitExecutionStage.gd:19)
       [9] _execute (res://addons/gdUnit4/src/core/execution/stages/single/GdUnitTestCaseSingleExecutionStage.gd:17)
       [10] execute (res://addons/gdUnit4/src/core/execution/stages/IGdUnitExecutionStage.gd:19)
       [11] _execute (res://addons/gdUnit4/src/core/execution/stages/GdUnitTestCaseExecutionStage.gd:25)
       [12] execute (res://addons/gdUnit4/src/core/execution/stages/IGdUnitExecutionStage.gd:19)
       [13] _execute (res://addons/gdUnit4/src/core/execution/stages/GdUnitTestSuiteExecutionStage.gd:33)
       [14] execute (res://addons/gdUnit4/src/core/execution/stages/IGdUnitExecutionStage.gd:19)
       [15] run_and_wait (res://addons/gdUnit4/src/core/execution/GdUnitTestSuiteExecutor.gd:47)
       [16] _process (res://addons/gdUnit4/src/core/runners/GdUnitTestSessionRunner.gd:126)
WARNING: ObjectDB instances leaked at exit (run with --verbose for details).
   at: cleanup (core/object/object.cpp:2663)
ERROR: 11 resources still in use at exit (run with --verbose for details).
   at: clear (core/io/resource.cpp:810)
